# JRE version: Java(TM) SE Runtime Environment (7.0_51-b13) (build 1.7.0_51-b13)
# Java VM: Java HotSpot(TM) 64-Bit Server VM (24.51-b03 mixed mode windows-amd64 compressed oops)
Heap
 PSYoungGen      total 134656K, used 106651K [0x00000007d5f00000, 0x00000007dfc00000, 0x0000000800000000)
  eden space 123904K, 77% used [0x00000007d5f00000,0x00000007dbcadbb8,0x00000007dd800000)
  from space 10752K, 99% used [0x00000007de780000,0x00000007df1f9110,0x00000007df200000)
  to   space 15872K, 0% used [0x00000007dd800000,0x00000007dd800000,0x00000007de780000)
 ParOldGen       total 86016K, used 15684K [0x0000000781e00000, 0x0000000787200000, 0x00000007d5f00000)
  object space 86016K, 18% used [0x0000000781e00000,0x0000000782d51070,0x0000000787200000)
 PSPermGen       total 25600K, used 25208K [0x000000077cc00000, 0x000000077e500000, 0x0000000781e00000)
  object space 25600K, 98% used [0x000000077cc00000,0x000000077e49e2e0,0x000000077e500000)
GC Heap History (10 events):
Event: 2.356 GC heap before
{Heap before GC invocations=4 (full 0):
 PSYoungGen      total 37888K, used 37856K [0x00000007d5f00000, 0x00000007d8900000, 0x0000000800000000)
  eden space 32768K, 100% used [0x00000007d5f00000,0x00000007d7f00000,0x00000007d7f00000)
  from space 5120K, 99% used [0x00000007d7f00000,0x00000007d83f8248,0x00000007d8400000)
  to   space 5120K, 0% used [0x00000007d8400000,0x00000007d8400000,0x00000007d8900000)
 ParOldGen       total 86016K, used 663K [0x0000000781e00000, 0x0000000787200000, 0x00000007d5f00000)
  object space 86016K, 0% used [0x0000000781e00000,0x0000000781ea5f28,0x0000000787200000)
 PSPermGen       total 21504K, used 18086K [0x000000077cc00000, 0x000000077e100000, 0x0000000781e00000)
  object space 21504K, 84% used [0x000000077cc00000,0x000000077dda9978,0x000000077e100000)
Event: 2.365 GC heap after
Heap after GC invocations=4 (full 0):
 PSYoungGen      total 37888K, used 5104K [0x00000007d5f00000, 0x00000007da900000, 0x0000000800000000)
  eden space 32768K, 0% used [0x00000007d5f00000,0x00000007d5f00000,0x00000007d7f00000)
  from space 5120K, 99% used [0x00000007d8400000,0x00000007d88fc2b8,0x00000007d8900000)
  to   space 5120K, 0% used [0x00000007d7f00000,0x00000007d7f00000,0x00000007d8400000)
 ParOldGen       total 86016K, used 2460K [0x0000000781e00000, 0x0000000787200000, 0x00000007d5f00000)
  object space 86016K, 2% used [0x0000000781e00000,0x0000000782067388,0x0000000787200000)
 PSPermGen       total 21504K, used 18086K [0x000000077cc00000, 0x000000077e100000, 0x0000000781e00000)
  object space 21504K, 84% used [0x000000077cc00000,0x000000077dda9978,0x000000077e100000)
}
Event: 2.703 GC heap before
{Heap before GC invocations=5 (full 0):
 PSYoungGen      total 37888K, used 37872K [0x00000007d5f00000, 0x00000007da900000, 0x0000000800000000)
  eden space 32768K, 100% used [0x00000007d5f00000,0x00000007d7f00000,0x00000007d7f00000)
  from space 5120K, 99% used [0x00000007d8400000,0x00000007d88fc2b8,0x00000007d8900000)
  to   space 5120K, 0% used [0x00000007d7f00000,0x00000007d7f00000,0x00000007d8400000)
 ParOldGen       total 86016K, used 2460K [0x0000000781e00000, 0x0000000787200000, 0x00000007d5f00000)
  object space 86016K, 2% used [0x0000000781e00000,0x0000000782067388,0x0000000787200000)
 PSPermGen       total 21504K, used 21201K [0x000000077cc00000, 0x000000077e100000, 0x0000000781e00000)
  object space 21504K, 98% used [0x000000077cc00000,0x000000077e0b46e8,0x000000077e100000)
Event: 2.713 GC heap after
Heap after GC invocations=5 (full 0):
 PSYoungGen      total 37888K, used 5088K [0x00000007d5f00000, 0x00000007db200000, 0x0000000800000000)
  eden space 32768K, 0% used [0x00000007d5f00000,0x00000007d5f00000,0x00000007d7f00000)
  from space 5120K, 99% used [0x00000007d7f00000,0x00000007d83f82a8,0x00000007d8400000)
  to   space 9728K, 0% used [0x00000007da880000,0x00000007da880000,0x00000007db200000)
 ParOldGen       total 86016K, used 4963K [0x0000000781e00000, 0x0000000787200000, 0x00000007d5f00000)
  object space 86016K, 5% used [0x0000000781e00000,0x00000007822d8e08,0x0000000787200000)
 PSPermGen       total 21504K, used 21201K [0x000000077cc00000, 0x000000077e100000, 0x0000000781e00000)
  object space 21504K, 98% used [0x000000077cc00000,0x000000077e0b46e8,0x000000077e100000)
}
Event: 2.964 GC heap before
{Heap before GC invocations=6 (full 0):
 PSYoungGen      total 37888K, used 37856K [0x00000007d5f00000, 0x00000007db200000, 0x0000000800000000)
  eden space 32768K, 100% used [0x00000007d5f00000,0x00000007d7f00000,0x00000007d7f00000)
  from space 5120K, 99% used [0x00000007d7f00000,0x00000007d83f82a8,0x00000007d8400000)
  to   space 9728K, 0% used [0x00000007da880000,0x00000007da880000,0x00000007db200000)
 ParOldGen       total 86016K, used 4963K [0x0000000781e00000, 0x0000000787200000, 0x00000007d5f00000)
  object space 86016K, 5% used [0x0000000781e00000,0x00000007822d8e08,0x0000000787200000)
 PSPermGen       total 24576K, used 24072K [0x000000077cc00000, 0x000000077e400000, 0x0000000781e00000)
  object space 24576K, 97% used [0x000000077cc00000,0x000000077e382230,0x000000077e400000)
Event: 2.977 GC heap after
Heap after GC invocations=6 (full 0):
 PSYoungGen      total 74240K, used 8287K [0x00000007d5f00000, 0x00000007db400000, 0x0000000800000000)
  eden space 64512K, 0% used [0x00000007d5f00000,0x00000007d5f00000,0x00000007d9e00000)
  from space 9728K, 85% used [0x00000007da880000,0x00000007db097d10,0x00000007db200000)
  to   space 10752K, 0% used [0x00000007d9e00000,0x00000007d9e00000,0x00000007da880000)
 ParOldGen       total 86016K, used 4971K [0x0000000781e00000, 0x0000000787200000, 0x00000007d5f00000)
  object space 86016K, 5% used [0x0000000781e00000,0x00000007822dae08,0x0000000787200000)
 PSPermGen       total 24576K, used 24072K [0x000000077cc00000, 0x000000077e400000, 0x0000000781e00000)
  object space 24576K, 97% used [0x000000077cc00000,0x000000077e382230,0x000000077e400000)
}
Event: 612.155 GC heap before
{Heap before GC invocations=7 (full 0):
 PSYoungGen      total 74240K, used 72799K [0x00000007d5f00000, 0x00000007db400000, 0x0000000800000000)
  eden space 64512K, 100% used [0x00000007d5f00000,0x00000007d9e00000,0x00000007d9e00000)
  from space 9728K, 85% used [0x00000007da880000,0x00000007db097d10,0x00000007db200000)
  to   space 10752K, 0% used [0x00000007d9e00000,0x00000007d9e00000,0x00000007da880000)
 ParOldGen       total 86016K, used 4971K [0x0000000781e00000, 0x0000000787200000, 0x00000007d5f00000)
  object space 86016K, 5% used [0x0000000781e00000,0x00000007822dae08,0x0000000787200000)
 PSPermGen       total 25088K, used 24654K [0x000000077cc00000, 0x000000077e480000, 0x0000000781e00000)
  object space 25088K, 98% used [0x000000077cc00000,0x000000077e413ba8,0x000000077e480000)
Event: 612.168 GC heap after
Heap after GC invocations=7 (full 0):
 PSYoungGen      total 75264K, used 6309K [0x00000007d5f00000, 0x00000007df200000, 0x0000000800000000)
  eden space 64512K, 0% used [0x00000007d5f00000,0x00000007d5f00000,0x00000007d9e00000)
  from space 10752K, 58% used [0x00000007d9e00000,0x00000007da429480,0x00000007da880000)
  to   space 10752K, 0% used [0x00000007de780000,0x00000007de780000,0x00000007df200000)
 ParOldGen       total 86016K, used 6582K [0x0000000781e00000, 0x0000000787200000, 0x00000007d5f00000)
  object space 86016K, 7% used [0x0000000781e00000,0x000000078246d800,0x0000000787200000)
 PSPermGen       total 25088K, used 24654K [0x000000077cc00000, 0x000000077e480000, 0x0000000781e00000)
  object space 25088K, 98% used [0x000000077cc00000,0x000000077e413ba8,0x000000077e480000)
}
Event: 16460.702 GC heap before
{Heap before GC invocations=8 (full 0):
 PSYoungGen      total 75264K, used 70821K [0x00000007d5f00000, 0x00000007df200000, 0x0000000800000000)
  eden space 64512K, 100% used [0x00000007d5f00000,0x00000007d9e00000,0x00000007d9e00000)
  from space 10752K, 58% used [0x00000007d9e00000,0x00000007da429480,0x00000007da880000)
  to   space 10752K, 0% used [0x00000007de780000,0x00000007de780000,0x00000007df200000)
 ParOldGen       total 86016K, used 6582K [0x0000000781e00000, 0x0000000787200000, 0x00000007d5f00000)
  object space 86016K, 7% used [0x0000000781e00000,0x000000078246d800,0x0000000787200000)
 PSPermGen       total 25088K, used 24858K [0x000000077cc00000, 0x000000077e480000, 0x0000000781e00000)
  object space 25088K, 99% used [0x000000077cc00000,0x000000077e446b70,0x000000077e480000)
Event: 16460.743 GC heap after
Heap after GC invocations=8 (full 0):
 PSYoungGen      total 134656K, used 10724K [0x00000007d5f00000, 0x00000007dfc00000, 0x0000000800000000)
  eden space 123904K, 0% used [0x00000007d5f00000,0x00000007d5f00000,0x00000007dd800000)
  from space 10752K, 99% used [0x00000007de780000,0x00000007df1f9110,0x00000007df200000)
  to   space 15872K, 0% used [0x00000007dd800000,0x00000007dd800000,0x00000007de780000)
 ParOldGen       total 86016K, used 15684K [0x0000000781e00000, 0x0000000787200000, 0x00000007d5f00000)
  object space 86016K, 18% used [0x0000000781e00000,0x0000000782d51070,0x0000000787200000)
 PSPermGen       total 25088K, used 24858K [0x000000077cc00000, 0x000000077e480000, 0x0000000781e00000)
  object space 25088K, 99% used [0x000000077cc00000,0x000000077e446b70,0x000000077e480000)
}

